<?xml version="1.0" encoding="UTF-8"?>
<testsuite xmlns:xsi="http://www.w3.org/2001/XMLSchema-instance" xsi:noNamespaceSchemaLocation="https://maven.apache.org/surefire/maven-surefire-plugin/xsd/surefire-test-report.xsd" name="DispatcherServletTest" time="0.023" tests="5" errors="2" skipped="0" failures="1">
  <properties>
[...]
</properties>
  <testcase name="registerController_doesNotRegisters_nonAnnotatedMethods" classname="DispatcherServletTest" time="0.007"/>
  <testcase name="registerController_throwsIllegalArgumentException_forNonControllerClasses" classname="DispatcherServletTest" time="0.005">
    <failure message="Expected java.lang.IllegalArgumentException to be thrown, but nothing was thrown." type="org.opentest4j.AssertionFailedError">org.opentest4j.AssertionFailedError: Expected java.lang.IllegalArgumentException to be thrown, but nothing was thrown.
	at DispatcherServletTest.registerController_throwsIllegalArgumentException_forNonControllerClasses(DispatcherServletTest.java:15)
</failure>
    <system-out><![CDATA[Analysing class java.lang.String
]]></system-out>
  </testcase>
  <testcase name="registerController_doesNotRegisters_voidReturningMethods" classname="DispatcherServletTest" time="0.002"/>
  <testcase name="registerHelloController_shouldWorkCorrectly" classname="DispatcherServletTest" time="0.002">
    <error type="java.lang.NullPointerException">java.lang.NullPointerException
	at DispatcherServletTest.registerHelloController_shouldWorkCorrectly(DispatcherServletTest.java:57)
</error>
    <system-out><![CDATA[Analysing class HelloController
]]></system-out>
  </testcase>
  <testcase name="registerController_shouldRegisterCorrectyMethods" classname="DispatcherServletTest" time="0.003">
    <error type="java.lang.NullPointerException">java.lang.NullPointerException
	at DispatcherServletTest.registerController_shouldRegisterCorrectyMethods(DispatcherServletTest.java:47)
</error>
    <system-out><![CDATA[Analysing class SomeControllerClass
Analysing class SomeOtherControllerClass
]]></system-out>
  </testcase>
</testsuite>